T06A8 868:478 SEGGER J-Link V4.98e Log File (0001ms, 1641ms total)
T06A8 868:478 DLL Compiled: May  5 2015 11:00:52 (0001ms, 1641ms total)
T06A8 868:478 Logging started @ 2016-03-31 22:04 (0001ms, 1641ms total)
T06A8 868:495 JLINK_ExecCommand("Device = AT91SAM4SD32C", ...)Device "ATSAM4SD32C" selected.  returns 0x00 (0001ms, 1642ms total)
T06A8 868:541 JLINK_ExecCommand("ProjectFile = T:\12.01661-6\09.00393-2\Entregas\Aula 4\GPIO_REGISTRADORES_LED\jlink.config", ...)  returns 0x00 (0001ms, 1643ms total)
T06A8 868:556 JLINK_ExecCommand("Device = AT91SAM4SD32C", ...)Device "ATSAM4SD32C" selected.  returns 0x00 (0000ms, 1643ms total)
T06A8 868:556 JLINK_TIF_Select(JLINKARM_TIF_JTAG)  returns 0x00 (0002ms, 1645ms total)
T06A8 868:558 JLINK_GetIdData(...) >0x2F8 JTAG>TotalIRLen = 4, IRPrint = 0x01 >0x30 JTAG> >0x210 JTAG> >0x70 JTAG> >0x40 JTAG> >0x40 JTAG> >0x40 JTAG> >0x48 JTAG> >0x78 JTAG> >0x40 JTAG> >0x30 JTAG> >0x40 JTAG> >0x40 JTAG> >0x30 JTAG> >0x40 JTAG> >0x48 JTAG>Found Cortex-M4 r0p1, Little endian. -- CPU_WriteMem(4 bytes @ 0xE0002000) -- CPU_ReadMem(4 bytes @ 0xE000EDF0) -- CPU_ReadMem(4 bytes @ 0xE0002000)FPUnit: 6 code (BP) slots and 2 literal slots -- CPU_ReadMem(4 bytes @ 0xE000EDFC)
 -- CPU_ReadMem(4 bytes @ 0xE0001000) -- CPU_WriteMem(4 bytes @ 0xE0001000) -- CPU_ReadMem(4 bytes @ 0xE000ED88) -- CPU_WriteMem(4 bytes @ 0xE000ED88) -- CPU_ReadMem(4 bytes @ 0xE000ED88) -- CPU_WriteMem(4 bytes @ 0xE000ED88)CoreSight components:ROMTbl 0 @ E00FF000 -- CPU_ReadMem(16 bytes @ 0xE00FF000) -- CPU_ReadMem(16 bytes @ 0xE000EFF0) -- CPU_ReadMem(16 bytes @ 0xE000EFE0)ROMTbl 0 [0]: FFF0F000, CID: B105E00D, PID: 000BB000 SCS -- CPU_ReadMem(16 bytes @ 0xE0001FF0)
 -- CPU_ReadMem(16 bytes @ 0xE0001FE0)ROMTbl 0 [1]: FFF02000, CID: B105E00D, PID: 003BB002 DWT -- CPU_ReadMem(16 bytes @ 0xE0002FF0) -- CPU_ReadMem(16 bytes @ 0xE0002FE0)ROMTbl 0 [2]: FFF03000, CID: B105E00D, PID: 002BB003 FPB -- CPU_ReadMem(16 bytes @ 0xE0000FF0) -- CPU_ReadMem(16 bytes @ 0xE0000FE0)ROMTbl 0 [3]: FFF01000, CID: B105E00D, PID: 003BB001 ITM -- CPU_ReadMem(16 bytes @ 0xE00FF010) -- CPU_ReadMem(16 bytes @ 0xE0040FF0) -- CPU_ReadMem(16 bytes @ 0xE0040FE0)
ROMTbl 0 [4]: FFF41000, CID: B105900D, PID: 000BB9A1 TPIU ScanLen=4 NumDevices=1 aId[0]=0x4BA00477 aIrRead[0]=0 aScanLen[0]=0 aScanRead[0]=0 (0038ms, 1683ms total)
T06A8 868:596 JLINK_ConfigJTAG(IRPre = 0, DRPre = 0) (0000ms, 1683ms total)
T06A8 868:596 JLINK_SetSpeed(1000) (0001ms, 1684ms total)
T06A8 868:597 JLINK_ResetPullsRESET(OFF) (0000ms, 1684ms total)
T06A8 868:597 JLINK_Connect() >0x2F8 JTAG>TotalIRLen = 4, IRPrint = 0x01 >0x30 JTAG> >0x210 JTAG> >0x70 JTAG> >0x40 JTAG> >0x40 JTAG> >0x40 JTAG> >0x48 JTAG> >0x78 JTAG> >0x40 JTAG> >0x30 JTAG> >0x40 JTAG> >0x40 JTAG> >0x30 JTAG> >0x40 JTAG> >0x48 JTAG>Found Cortex-M4 r0p1, Little endian. -- CPU_WriteMem(4 bytes @ 0xE0002000) -- CPU_ReadMem(4 bytes @ 0xE000EDF0) -- CPU_ReadMem(4 bytes @ 0xE0002000)FPUnit: 6 code (BP) slots and 2 literal slots -- CPU_ReadMem(4 bytes @ 0xE000EDFC)
 -- CPU_ReadMem(4 bytes @ 0xE0001000) -- CPU_WriteMem(4 bytes @ 0xE0001000) -- CPU_ReadMem(4 bytes @ 0xE000ED88) -- CPU_WriteMem(4 bytes @ 0xE000ED88) -- CPU_ReadMem(4 bytes @ 0xE000ED88) -- CPU_WriteMem(4 bytes @ 0xE000ED88)CoreSight components:ROMTbl 0 @ E00FF000 -- CPU_ReadMem(16 bytes @ 0xE00FF000) -- CPU_ReadMem(16 bytes @ 0xE000EFF0) -- CPU_ReadMem(16 bytes @ 0xE000EFE0)ROMTbl 0 [0]: FFF0F000, CID: B105E00D, PID: 000BB000 SCS -- CPU_ReadMem(16 bytes @ 0xE0001FF0)
 -- CPU_ReadMem(16 bytes @ 0xE0001FE0)ROMTbl 0 [1]: FFF02000, CID: B105E00D, PID: 003BB002 DWT -- CPU_ReadMem(16 bytes @ 0xE0002FF0) -- CPU_ReadMem(16 bytes @ 0xE0002FE0)ROMTbl 0 [2]: FFF03000, CID: B105E00D, PID: 002BB003 FPB -- CPU_ReadMem(16 bytes @ 0xE0000FF0) -- CPU_ReadMem(16 bytes @ 0xE0000FE0)ROMTbl 0 [3]: FFF01000, CID: B105E00D, PID: 003BB001 ITM -- CPU_ReadMem(16 bytes @ 0xE00FF010) -- CPU_ReadMem(16 bytes @ 0xE0040FF0) -- CPU_ReadMem(16 bytes @ 0xE0040FE0)
ROMTbl 0 [4]: FFF41000, CID: B105900D, PID: 000BB9A1 TPIU  returns 0x00 (0035ms, 1719ms total)
T06A8 868:632 JLINK_GetDebugInfo(0x100) -- Value=0xE00FF003  returns 0x00 (0001ms, 1720ms total)
T06A8 868:633 JLINK_ReadMem (0xE00FFFF0, 0x0010 Bytes, ...) -- CPU is running -- CPU_ReadMem(16 bytes @ 0xE00FFFF0) - Data: 0D 00 00 00 10 00 00 00 05 00 00 00 B1 00 00 00  returns 0x00 (0001ms, 1721ms total)
T06A8 868:634 JLINK_ReadMem (0xE00FFFD0, 0x0020 Bytes, ...) -- CPU is running -- CPU_ReadMem(32 bytes @ 0xE00FFFD0) - Data: 04 00 00 00 00 00 00 00 00 00 00 00 00 00 00 00 ...  returns 0x00 (0002ms, 1723ms total)
T06A8 868:636 JLINK_ReadMemU32(0xE00FF000, 0x0001 Items, ...) -- CPU is running -- CPU_ReadMem(4 bytes @ 0xE00FF000) - Data: 03 F0 F0 FF  returns 0x01 (0001ms, 1724ms total)
T06A8 868:637 JLINK_ReadMem (0xE000EFF0, 0x0010 Bytes, ...) -- CPU is running -- CPU_ReadMem(16 bytes @ 0xE000EFF0) - Data: 0D 00 00 00 E0 00 00 00 05 00 00 00 B1 00 00 00  returns 0x00 (0001ms, 1725ms total)
T06A8 868:638 JLINK_ReadMem (0xE000EFD0, 0x0020 Bytes, ...) -- CPU is running -- CPU_ReadMem(32 bytes @ 0xE000EFD0) - Data: 04 00 00 00 00 00 00 00 00 00 00 00 00 00 00 00 ...  returns 0x00 (0002ms, 1727ms total)
T06A8 868:640 JLINK_ReadMemU32(0xE00FF004, 0x0001 Items, ...) -- CPU is running -- CPU_ReadMem(4 bytes @ 0xE00FF004) - Data: 03 20 F0 FF  returns 0x01 (0001ms, 1728ms total)
T06A8 868:641 JLINK_ReadMem (0xE0001FF0, 0x0010 Bytes, ...) -- CPU is running -- CPU_ReadMem(16 bytes @ 0xE0001FF0) - Data: 0D 00 00 00 E0 00 00 00 05 00 00 00 B1 00 00 00  returns 0x00 (0002ms, 1730ms total)
T06A8 868:643 JLINK_ReadMem (0xE0001FD0, 0x0020 Bytes, ...) -- CPU is running -- CPU_ReadMem(32 bytes @ 0xE0001FD0) - Data: 04 00 00 00 00 00 00 00 00 00 00 00 00 00 00 00 ...  returns 0x00 (0001ms, 1731ms total)
T06A8 868:644 JLINK_ReadMemU32(0xE00FF008, 0x0001 Items, ...) -- CPU is running -- CPU_ReadMem(4 bytes @ 0xE00FF008) - Data: 03 30 F0 FF  returns 0x01 (0001ms, 1732ms total)
T06A8 868:646 JLINK_ReadMem (0xE0002FF0, 0x0010 Bytes, ...) -- CPU is running -- CPU_ReadMem(16 bytes @ 0xE0002FF0) - Data: 0D 00 00 00 E0 00 00 00 05 00 00 00 B1 00 00 00  returns 0x00 (0001ms, 1734ms total)
T06A8 868:647 JLINK_ReadMem (0xE0002FD0, 0x0020 Bytes, ...) -- CPU is running -- CPU_ReadMem(32 bytes @ 0xE0002FD0) - Data: 04 00 00 00 00 00 00 00 00 00 00 00 00 00 00 00 ...  returns 0x00 (0002ms, 1736ms total)
T06A8 868:649 JLINK_ReadMemU32(0xE00FF00C, 0x0001 Items, ...) -- CPU is running -- CPU_ReadMem(4 bytes @ 0xE00FF00C) - Data: 03 10 F0 FF  returns 0x01 (0001ms, 1737ms total)
T06A8 868:650 JLINK_ReadMem (0xE0000FF0, 0x0010 Bytes, ...) -- CPU is running -- CPU_ReadMem(16 bytes @ 0xE0000FF0) - Data: 0D 00 00 00 E0 00 00 00 05 00 00 00 B1 00 00 00  returns 0x00 (0001ms, 1738ms total)
T06A8 868:651 JLINK_ReadMem (0xE0000FD0, 0x0020 Bytes, ...) -- CPU is running -- CPU_ReadMem(32 bytes @ 0xE0000FD0) - Data: 04 00 00 00 00 00 00 00 00 00 00 00 00 00 00 00 ...  returns 0x00 (0002ms, 1740ms total)
T06A8 868:653 JLINK_ReadMemU32(0xE00FF010, 0x0001 Items, ...) -- CPU is running -- CPU_ReadMem(4 bytes @ 0xE00FF010) - Data: 03 10 F4 FF  returns 0x01 (0001ms, 1741ms total)
T06A8 868:654 JLINK_ReadMem (0xE0040FF0, 0x0010 Bytes, ...) -- CPU is running -- CPU_ReadMem(16 bytes @ 0xE0040FF0) - Data: 0D 00 00 00 90 00 00 00 05 00 00 00 B1 00 00 00  returns 0x00 (0001ms, 1742ms total)
T06A8 868:655 JLINK_ReadMem (0xE0040FD0, 0x0020 Bytes, ...) -- CPU is running -- CPU_ReadMem(32 bytes @ 0xE0040FD0) - Data: 04 00 00 00 00 00 00 00 00 00 00 00 00 00 00 00 ...  returns 0x00 (0002ms, 1744ms total)
T06A8 868:657 JLINK_ReadMemU32(0xE00FF014, 0x0001 Items, ...) -- CPU is running -- CPU_ReadMem(4 bytes @ 0xE00FF014) - Data: 02 20 F4 FF  returns 0x01 (0001ms, 1745ms total)
T06A8 868:658 JLINK_ReadMemU32(0xE00FF018, 0x0001 Items, ...) -- CPU is running -- CPU_ReadMem(4 bytes @ 0xE00FF018) - Data: 00 00 00 00  returns 0x01 (0001ms, 1746ms total)
T06A8 868:659 JLINK_ReadMem (0xE0001000, 0x0004 Bytes, ...) -- CPU is running -- CPU_ReadMem(4 bytes @ 0xE0001000) - Data: 01 00 00 40  returns 0x00 (0001ms, 1747ms total)
T06A8 868:660 JLINK_ReadMem (0xE0001000, 0x0004 Bytes, ...) -- CPU is running -- CPU_ReadMem(4 bytes @ 0xE0001000) - Data: 01 00 00 40  returns 0x00 (0002ms, 1749ms total)
T06A8 868:662 JLINK_ReadMem (0xE0001028, 0x0004 Bytes, ...) -- CPU is running -- CPU_ReadMem(4 bytes @ 0xE0001028) - Data: 00 00 00 00  returns 0x00 (0001ms, 1750ms total)
T06A8 868:663 JLINK_WriteMem(0xE0001028, 0x0004 Bytes, ...) - Data: 00 01 00 00 -- CPU is running -- CPU_WriteMem(4 bytes @ 0xE0001028)  returns 0x04 (0001ms, 1751ms total)
T06A8 868:664 JLINK_ReadMem (0xE0001028, 0x0004 Bytes, ...) -- CPU is running -- CPU_ReadMem(4 bytes @ 0xE0001028) - Data: 00 00 00 00  returns 0x00 (0001ms, 1752ms total)
T06A8 868:665 JLINK_ReadMem (0xE0001038, 0x0004 Bytes, ...) -- CPU is running -- CPU_ReadMem(4 bytes @ 0xE0001038) - Data: 00 02 00 00  returns 0x00 (0001ms, 1753ms total)
T06A8 868:666 JLINK_WriteMem(0xE0001038, 0x0004 Bytes, ...) - Data: 00 03 00 00 -- CPU is running -- CPU_WriteMem(4 bytes @ 0xE0001038)  returns 0x04 (0001ms, 1754ms total)
T06A8 868:667 JLINK_ReadMem (0xE0001038, 0x0004 Bytes, ...) -- CPU is running -- CPU_ReadMem(4 bytes @ 0xE0001038) - Data: 00 03 00 00  returns 0x00 (0001ms, 1755ms total)
T06A8 868:668 JLINK_ReadMem (0xE0001048, 0x0004 Bytes, ...) -- CPU is running -- CPU_ReadMem(4 bytes @ 0xE0001048) - Data: 00 00 00 00  returns 0x00 (0001ms, 1756ms total)
T06A8 868:669 JLINK_WriteMem(0xE0001048, 0x0004 Bytes, ...) - Data: 00 01 00 00 -- CPU is running -- CPU_WriteMem(4 bytes @ 0xE0001048)  returns 0x04 (0001ms, 1757ms total)
T06A8 868:670 JLINK_ReadMem (0xE0001048, 0x0004 Bytes, ...) -- CPU is running -- CPU_ReadMem(4 bytes @ 0xE0001048) - Data: 00 00 00 00  returns 0x00 (0001ms, 1758ms total)
T06A8 868:671 JLINK_ReadMem (0xE0001058, 0x0004 Bytes, ...) -- CPU is running -- CPU_ReadMem(4 bytes @ 0xE0001058) - Data: 00 00 00 00  returns 0x00 (0001ms, 1759ms total)
T06A8 868:672 JLINK_WriteMem(0xE0001058, 0x0004 Bytes, ...) - Data: 00 01 00 00 -- CPU is running -- CPU_WriteMem(4 bytes @ 0xE0001058)  returns 0x04 (0001ms, 1760ms total)
T06A8 868:673 JLINK_ReadMem (0xE0001058, 0x0004 Bytes, ...) -- CPU is running -- CPU_ReadMem(4 bytes @ 0xE0001058) - Data: 00 00 00 00  returns 0x00 (0002ms, 1762ms total)
T06A8 868:675 JLINK_ReadMem (0xE0001024, 0x0004 Bytes, ...) -- CPU is running -- CPU_ReadMem(4 bytes @ 0xE0001024) - Data: 00 00 00 00  returns 0x00 (0001ms, 1763ms total)
T06A8 868:676 JLINK_WriteMem(0xE0001024, 0x0004 Bytes, ...) - Data: 1F 00 00 00 -- CPU is running -- CPU_WriteMem(4 bytes @ 0xE0001024)  returns 0x04 (0001ms, 1764ms total)
T06A8 868:677 JLINK_ReadMem (0xE0001024, 0x0004 Bytes, ...) -- CPU is running -- CPU_ReadMem(4 bytes @ 0xE0001024) - Data: 0F 00 00 00  returns 0x00 (0001ms, 1765ms total)
T06A8 868:678 JLINK_ReadMem (0xE0001034, 0x0004 Bytes, ...) -- CPU is running -- CPU_ReadMem(4 bytes @ 0xE0001034) - Data: 00 00 00 00  returns 0x00 (0001ms, 1766ms total)
T06A8 868:679 JLINK_WriteMem(0xE0001034, 0x0004 Bytes, ...) - Data: 1F 00 00 00 -- CPU is running -- CPU_WriteMem(4 bytes @ 0xE0001034)  returns 0x04 (0001ms, 1767ms total)
T06A8 868:680 JLINK_ReadMem (0xE0001034, 0x0004 Bytes, ...) -- CPU is running -- CPU_ReadMem(4 bytes @ 0xE0001034) - Data: 0F 00 00 00  returns 0x00 (0001ms, 1768ms total)
T06A8 868:681 JLINK_ReadMem (0xE0001044, 0x0004 Bytes, ...) -- CPU is running -- CPU_ReadMem(4 bytes @ 0xE0001044) - Data: 00 00 00 00  returns 0x00 (0001ms, 1769ms total)
T06A8 868:682 JLINK_WriteMem(0xE0001044, 0x0004 Bytes, ...) - Data: 1F 00 00 00 -- CPU is running -- CPU_WriteMem(4 bytes @ 0xE0001044)  returns 0x04 (0001ms, 1770ms total)
T06A8 868:683 JLINK_ReadMem (0xE0001044, 0x0004 Bytes, ...) -- CPU is running -- CPU_ReadMem(4 bytes @ 0xE0001044) - Data: 0F 00 00 00  returns 0x00 (0001ms, 1771ms total)
T06A8 868:684 JLINK_ReadMem (0xE0001054, 0x0004 Bytes, ...) -- CPU is running -- CPU_ReadMem(4 bytes @ 0xE0001054) - Data: 00 00 00 00  returns 0x00 (0002ms, 1773ms total)
T06A8 868:686 JLINK_WriteMem(0xE0001054, 0x0004 Bytes, ...) - Data: 1F 00 00 00 -- CPU is running -- CPU_WriteMem(4 bytes @ 0xE0001054)  returns 0x04 (0001ms, 1774ms total)
T06A8 868:687 JLINK_ReadMem (0xE0001054, 0x0004 Bytes, ...) -- CPU is running -- CPU_ReadMem(4 bytes @ 0xE0001054) - Data: 0F 00 00 00  returns 0x00 (0001ms, 1775ms total)
T06A8 868:688 JLINK_ReadMem (0xE0001028, 0x0004 Bytes, ...) -- CPU is running -- CPU_ReadMem(4 bytes @ 0xE0001028) - Data: 00 00 00 00  returns 0x00 (0001ms, 1776ms total)
T06A8 868:689 JLINK_ReadMem (0xE0001038, 0x0004 Bytes, ...) -- CPU is running -- CPU_ReadMem(4 bytes @ 0xE0001038) - Data: 00 03 00 00  returns 0x00 (0001ms, 1777ms total)
T06A8 868:690 JLINK_ReadMem (0xE0001048, 0x0004 Bytes, ...) -- CPU is running -- CPU_ReadMem(4 bytes @ 0xE0001048) - Data: 00 00 00 00  returns 0x00 (0001ms, 1778ms total)
T06A8 868:691 JLINK_ReadMem (0xE0001058, 0x0004 Bytes, ...) -- CPU is running -- CPU_ReadMem(4 bytes @ 0xE0001058) - Data: 00 00 00 00  returns 0x00 (0001ms, 1779ms total)
T06A8 868:692 JLINK_WriteMem(0xE0001020, 0x0004 Bytes, ...) - Data: 00 00 00 00 -- CPU is running -- CPU_WriteMem(4 bytes @ 0xE0001020)  returns 0x04 (0001ms, 1780ms total)
T06A8 868:693 JLINK_WriteMem(0xE0001024, 0x0004 Bytes, ...) - Data: 00 00 00 00 -- CPU is running -- CPU_WriteMem(4 bytes @ 0xE0001024)  returns 0x04 (0001ms, 1781ms total)
T06A8 868:694 JLINK_WriteMem(0xE0001028, 0x0004 Bytes, ...) - Data: 00 00 00 00 -- CPU is running -- CPU_WriteMem(4 bytes @ 0xE0001028)  returns 0x04 (0001ms, 1782ms total)
T06A8 868:695 JLINK_WriteMem(0xE0001030, 0x0004 Bytes, ...) - Data: 00 00 00 00 -- CPU is running -- CPU_WriteMem(4 bytes @ 0xE0001030)  returns 0x04 (0001ms, 1783ms total)
T06A8 868:696 JLINK_WriteMem(0xE0001034, 0x0004 Bytes, ...) - Data: 00 00 00 00 -- CPU is running -- CPU_WriteMem(4 bytes @ 0xE0001034)  returns 0x04 (0001ms, 1784ms total)
T06A8 868:697 JLINK_WriteMem(0xE0001038, 0x0004 Bytes, ...) - Data: 00 00 00 00 -- CPU is running -- CPU_WriteMem(4 bytes @ 0xE0001038)  returns 0x04 (0001ms, 1785ms total)
T06A8 868:698 JLINK_WriteMem(0xE0001040, 0x0004 Bytes, ...) - Data: 00 00 00 00 -- CPU is running -- CPU_WriteMem(4 bytes @ 0xE0001040)  returns 0x04 (0001ms, 1786ms total)
T06A8 868:699 JLINK_WriteMem(0xE0001044, 0x0004 Bytes, ...) - Data: 00 00 00 00 -- CPU is running -- CPU_WriteMem(4 bytes @ 0xE0001044)  returns 0x04 (0001ms, 1787ms total)
T06A8 868:700 JLINK_WriteMem(0xE0001048, 0x0004 Bytes, ...) - Data: 00 00 00 00 -- CPU is running -- CPU_WriteMem(4 bytes @ 0xE0001048)  returns 0x04 (0001ms, 1788ms total)
T06A8 868:701 JLINK_WriteMem(0xE0001050, 0x0004 Bytes, ...) - Data: 00 00 00 00 -- CPU is running -- CPU_WriteMem(4 bytes @ 0xE0001050)  returns 0x04 (0000ms, 1788ms total)
T06A8 868:701 JLINK_WriteMem(0xE0001054, 0x0004 Bytes, ...) - Data: 00 00 00 00 -- CPU is running -- CPU_WriteMem(4 bytes @ 0xE0001054)  returns 0x04 (0001ms, 1789ms total)
T06A8 868:702 JLINK_WriteMem(0xE0001058, 0x0004 Bytes, ...) - Data: 00 00 00 00 -- CPU is running -- CPU_WriteMem(4 bytes @ 0xE0001058)  returns 0x04 (0001ms, 1790ms total)
T06A8 868:703 JLINK_Halt()  returns 0x00 (0009ms, 1799ms total)
T06A8 868:712 JLINK_WriteMem(0x400E0A04, 0x0004 Bytes, ...) - Data: 0B 01 00 5A -- CPU_WriteMem(4 bytes @ 0x400E0A04)  returns 0x04 (0001ms, 1800ms total)
T06A8 868:713 JLINK_ReadMem (0x400E0A08, 0x0004 Bytes, ...) -- CPU_ReadMem(4 bytes @ 0x400E0A08) - Data: 01 00 00 00  returns 0x00 (0001ms, 1801ms total)
T06A8 868:714 JLINK_WriteMem(0x400E0A04, 0x0004 Bytes, ...) - Data: 0C 02 00 5A -- CPU_WriteMem(4 bytes @ 0x400E0A04)  returns 0x04 (0001ms, 1802ms total)
T06A8 868:715 JLINK_ReadMem (0x400E0A08, 0x0004 Bytes, ...) -- CPU_ReadMem(4 bytes @ 0x400E0A08) - Data: 01 00 00 00  returns 0x00 (0001ms, 1803ms total)
T06A8 868:716 JLINK_Reset() -- CPU_ReadMem(16 bytes @ 0x20000000) -- CPU_WriteMem(16 bytes @ 0x20000000) -- CPU_ReadMem(4 bytes @ 0xE000EDFC) -- CPU_WriteMem(4 bytes @ 0xE000EDFC) -- CPU_ReadMem(4 bytes @ 0xE0001000) -- CPU_WriteMem(4 bytes @ 0xE000EDFC) -- CPU_WriteMem(16 bytes @ 0x20000000) -- CPU_WriteMem(4 bytes @ 0xE0002000) -- CPU_ReadMem(4 bytes @ 0xE000EDFC) -- CPU_ReadMem(4 bytes @ 0xE0001000) (0038ms, 1841ms total)
T06A8 868:756 JLINK_JTAG_GetDeviceID(DeviceIndex = 0)  returns 0x4BA00477 (0000ms, 1841ms total)
T06A8 868:756 JLINK_ReadMemU32(0x400E0740, 0x0001 Items, ...) -- CPU_ReadMem(4 bytes @ 0x400E0740) - Data: E0 0E A7 29  returns 0x01 (0001ms, 1842ms total)
T06A8 868:757 JLINK_ReadMemU32(0x400E0744, 0x0001 Items, ...) -- CPU_ReadMem(4 bytes @ 0x400E0744) - Data: 00 00 00 00  returns 0x01 (0001ms, 1843ms total)
T06A8 868:758 JLINK_WriteMem(0x400E0A04, 0x0004 Bytes, ...) - Data: 05 00 00 5A -- CPU_WriteMem(4 bytes @ 0x400E0A04)  returns 0x04 (0001ms, 1844ms total)
T06A8 868:759 JLINK_WriteMem(0x400E0C04, 0x0004 Bytes, ...) - Data: 05 00 00 5A -- CPU_WriteMem(4 bytes @ 0x400E0C04)  returns 0x04 (0001ms, 1845ms total)
T06A8 868:760 JLINK_ReadMem (0x400E0A08, 0x0004 Bytes, ...) -- CPU_ReadMem(4 bytes @ 0x400E0A08) - Data: 00 00 00 00  returns 0x00 (0001ms, 1846ms total)
T06A8 868:762 JLINK_ReadMem (0x400E0A08, 0x0004 Bytes, ...) -- CPU_ReadMem(4 bytes @ 0x400E0A08) - Data: 00 00 00 00  returns 0x00 (0001ms, 1847ms total)
T1808 868:766 JLINK_IsHalted()  returns TRUE (0000ms, 1847ms total)
T1808 868:766 JLINK_GetMOEs(...) -- CPU_ReadMem(4 bytes @ 0xE000ED30) -- CPU_WriteMem(4 bytes @ 0xE000ED30)  returns 0x01 (0001ms, 1848ms total)
T06A8 868:767 JLINK_ReadMem (0x400E0A08, 0x0004 Bytes, ...) -- CPU_ReadMem(4 bytes @ 0x400E0A08) - Data: 00 00 00 00  returns 0x00 (0001ms, 1849ms total)
T1808 868:768 JLINK_ReadReg(R15 (PC))  returns 0x00400358 (0001ms, 1850ms total)
T06A8 868:785 JLINK_ReadMem (0x400E0A08, 0x0004 Bytes, ...) -- CPU_ReadMem(4 bytes @ 0x400E0A08) - Data: 00 00 00 00  returns 0x00 (0001ms, 1851ms total)
T06A8 868:850 JLINK_ReadMem (0x400E0A08, 0x0004 Bytes, ...) -- CPU_ReadMem(4 bytes @ 0x400E0A08) - Data: 00 00 00 00  returns 0x00 (0001ms, 1852ms total)
T1808 868:969 JLINK_IsHalted()  returns TRUE (0000ms, 1852ms total)
T06A8 869:118 JLINK_ReadMem (0x400E0A08, 0x0004 Bytes, ...) -- CPU_ReadMem(4 bytes @ 0x400E0A08) - Data: 00 00 00 00  returns 0x00 (0001ms, 1853ms total)
T1808 869:169 JLINK_IsHalted()  returns TRUE (0000ms, 1853ms total)
T1808 869:369 JLINK_IsHalted()  returns TRUE (0001ms, 1854ms total)
T1808 869:570 JLINK_IsHalted()  returns TRUE (0000ms, 1853ms total)
T1808 869:770 JLINK_IsHalted()  returns TRUE (0000ms, 1853ms total)
T1808 869:970 JLINK_IsHalted()  returns TRUE (0001ms, 1854ms total)
T06A8 870:119 JLINK_ReadMem (0x400E0A08, 0x0004 Bytes, ...) -- CPU_ReadMem(4 bytes @ 0x400E0A08) - Data: 00 00 00 00  returns 0x00 (0001ms, 1854ms total)
T06A8 870:120 JLINK_ReadMem (0x400E0C08, 0x0004 Bytes, ...) -- CPU_ReadMem(4 bytes @ 0x400E0C08) - Data: 00 00 00 00  returns 0x00 (0002ms, 1856ms total)
T06A8 870:123 JLINK_ReadMem (0x400E0C08, 0x0004 Bytes, ...) -- CPU_ReadMem(4 bytes @ 0x400E0C08) - Data: 00 00 00 00  returns 0x00 (0001ms, 1857ms total)
T06A8 870:128 JLINK_ReadMem (0x400E0C08, 0x0004 Bytes, ...) -- CPU_ReadMem(4 bytes @ 0x400E0C08) - Data: 00 00 00 00  returns 0x00 (0001ms, 1858ms total)
T06A8 870:145 JLINK_ReadMem (0x400E0C08, 0x0004 Bytes, ...) -- CPU_ReadMem(4 bytes @ 0x400E0C08) - Data: 00 00 00 00  returns 0x00 (0001ms, 1859ms total)
T1808 870:171 JLINK_IsHalted()  returns TRUE (0000ms, 1859ms total)
T06A8 870:210 JLINK_ReadMem (0x400E0C08, 0x0004 Bytes, ...) -- CPU_ReadMem(4 bytes @ 0x400E0C08) - Data: 00 00 00 00  returns 0x00 (0001ms, 1860ms total)
T1808 870:371 JLINK_IsHalted()  returns TRUE (0000ms, 1860ms total)
T06A8 870:467 JLINK_ReadMem (0x400E0C08, 0x0004 Bytes, ...) -- CPU_ReadMem(4 bytes @ 0x400E0C08) - Data: 00 00 00 00  returns 0x00 (0001ms, 1861ms total)
T1808 870:571 JLINK_IsHalted()  returns TRUE (0001ms, 1862ms total)
T1808 870:772 JLINK_IsHalted()  returns TRUE (0001ms, 1862ms total)
T1808 870:973 JLINK_IsHalted()  returns TRUE (0000ms, 1861ms total)
T1808 871:173 JLINK_IsHalted()  returns TRUE (0001ms, 1862ms total)
T1808 871:374 JLINK_IsHalted()  returns TRUE (0000ms, 1861ms total)
T06A8 871:468 JLINK_ReadMem (0x400E0C08, 0x0004 Bytes, ...) -- CPU_ReadMem(4 bytes @ 0x400E0C08) - Data: 00 00 00 00  returns 0x00 (0001ms, 1862ms total)
T06A8 871:469 JLINK_ReadMem (0x400E0A08, 0x0004 Bytes, ...) -- CPU_ReadMem(4 bytes @ 0x400E0A08) - Data: 00 00 00 00  returns 0x00 (0002ms, 1864ms total)
T06A8 871:472 JLINK_ReadMem (0x400E0A08, 0x0004 Bytes, ...) -- CPU_ReadMem(4 bytes @ 0x400E0A08) - Data: 00 00 00 00  returns 0x00 (0001ms, 1865ms total)
T06A8 871:477 JLINK_ReadMem (0x400E0A08, 0x0004 Bytes, ...) -- CPU_ReadMem(4 bytes @ 0x400E0A08) - Data: 00 00 00 00  returns 0x00 (0001ms, 1866ms total)
T06A8 871:494 JLINK_ReadMem (0x400E0A08, 0x0004 Bytes, ...) -- CPU_ReadMem(4 bytes @ 0x400E0A08) - Data: 00 00 00 00  returns 0x00 (0001ms, 1867ms total)
T06A8 871:559 JLINK_ReadMem (0x400E0A08, 0x0004 Bytes, ...) -- CPU_ReadMem(4 bytes @ 0x400E0A08) - Data: 00 00 00 00  returns 0x00 (0001ms, 1868ms total)
T1808 871:574 JLINK_IsHalted()  returns TRUE (0000ms, 1868ms total)
T1808 871:774 JLINK_IsHalted()  returns TRUE (0001ms, 1869ms total)
T06A8 871:816 JLINK_ReadMem (0x400E0A08, 0x0004 Bytes, ...) -- CPU_ReadMem(4 bytes @ 0x400E0A08) - Data: 00 00 00 00  returns 0x00 (0001ms, 1869ms total)
T1808 871:975 JLINK_IsHalted()  returns TRUE (0000ms, 1869ms total)
T1808 872:175 JLINK_IsHalted()  returns TRUE (0000ms, 1869ms total)
T1808 872:375 JLINK_IsHalted()  returns TRUE (0001ms, 1870ms total)
T1808 872:576 JLINK_IsHalted()  returns TRUE (0000ms, 1869ms total)
T1808 872:776 JLINK_IsHalted()  returns TRUE (0000ms, 1869ms total)
T06A8 872:817 JLINK_ReadMem (0x400E0A08, 0x0004 Bytes, ...) -- CPU_ReadMem(4 bytes @ 0x400E0A08) - Data: 00 00 00 00  returns 0x00 (0001ms, 1870ms total)
T06A8 872:818 JLINK_ReadMem (0x400E0C08, 0x0004 Bytes, ...) -- CPU_ReadMem(4 bytes @ 0x400E0C08) - Data: 00 00 00 00  returns 0x00 (0002ms, 1872ms total)
T06A8 872:821 JLINK_ReadMem (0x400E0C08, 0x0004 Bytes, ...) -- CPU_ReadMem(4 bytes @ 0x400E0C08) - Data: 00 00 00 00  returns 0x00 (0001ms, 1873ms total)
T06A8 872:826 JLINK_ReadMem (0x400E0C08, 0x0004 Bytes, ...) -- CPU_ReadMem(4 bytes @ 0x400E0C08) - Data: 00 00 00 00  returns 0x00 (0001ms, 1874ms total)
T06A8 872:843 JLINK_ReadMem (0x400E0C08, 0x0004 Bytes, ...) -- CPU_ReadMem(4 bytes @ 0x400E0C08) - Data: 00 00 00 00  returns 0x00 (0001ms, 1875ms total)
T06A8 872:908 JLINK_ReadMem (0x400E0C08, 0x0004 Bytes, ...) -- CPU_ReadMem(4 bytes @ 0x400E0C08) - Data: 00 00 00 00  returns 0x00 (0001ms, 1876ms total)
T1808 872:976 JLINK_IsHalted()  returns TRUE (0001ms, 1877ms total)
T06A8 873:165 JLINK_ReadMem (0x400E0C08, 0x0004 Bytes, ...) -- CPU_ReadMem(4 bytes @ 0x400E0C08) - Data: 00 00 00 00  returns 0x00 (0001ms, 1877ms total)
T1808 873:177 JLINK_IsHalted()  returns TRUE (0000ms, 1877ms total)
T1808 873:377 JLINK_IsHalted()  returns TRUE (0000ms, 1877ms total)
T1808 873:577 JLINK_IsHalted()  returns TRUE (0001ms, 1878ms total)
T1808 873:778 JLINK_IsHalted()  returns TRUE (0000ms, 1877ms total)
T1808 873:978 JLINK_IsHalted()  returns TRUE (0000ms, 1877ms total)
T06A8 874:166 JLINK_ReadMem (0x400E0C08, 0x0004 Bytes, ...) -- CPU_ReadMem(4 bytes @ 0x400E0C08) - Data: 01 00 00 00  returns 0x00 (0001ms, 1878ms total)
T06A8 874:167 JLINK_ReadMem (0x400E0A08, 0x0004 Bytes, ...) -- CPU_ReadMem(4 bytes @ 0x400E0A08) - Data: 01 00 00 00  returns 0x00 (0002ms, 1880ms total)
T1808 874:178 JLINK_IsHalted()  returns TRUE (0001ms, 1881ms total)
T06A8 874:180 JLINK_ResetPullsRESET(ON) (0000ms, 1880ms total)
T06A8 874:180 JLINK_ResetNoHalt() >0x2F8 JTAG>TotalIRLen = 4, IRPrint = 0x01 >0x30 JTAG> >0x210 JTAG> >0x70 JTAG> >0x40 JTAG> >0x40 JTAG> >0x40 JTAG> >0x48 JTAG> >0x78 JTAG> >0x40 JTAG> >0x30 JTAG> >0x40 JTAG> >0x40 JTAG> >0x30 JTAG> >0x40 JTAG> >0x48 JTAG>Found Cortex-M4 r0p1, Little endian. -- CPU_WriteMem(4 bytes @ 0xE0002000) -- CPU_ReadMem(4 bytes @ 0xE000EDF0) -- CPU_ReadMem(4 bytes @ 0xE0002000)FPUnit: 6 code (BP) slots and 2 literal slots -- CPU_ReadMem(4 bytes @ 0xE000EDFC)
 -- CPU_ReadMem(4 bytes @ 0xE0001000) -- CPU_ReadMem(4 bytes @ 0xE000ED88) -- CPU_WriteMem(4 bytes @ 0xE000ED88) -- CPU_ReadMem(4 bytes @ 0xE000ED88) -- CPU_WriteMem(4 bytes @ 0xE000ED88)CoreSight components:ROMTbl 0 @ E00FF000 -- CPU_ReadMem(16 bytes @ 0xE00FF000) -- CPU_ReadMem(16 bytes @ 0xE000EFF0) -- CPU_ReadMem(16 bytes @ 0xE000EFE0)ROMTbl 0 [0]: FFF0F000, CID: B105E00D, PID: 000BB000 SCS -- CPU_WriteMem(4 bytes @ 0xE0001000) -- CPU_ReadMem(16 bytes @ 0xE0001FF0)
 -- CPU_ReadMem(16 bytes @ 0xE0001FE0)ROMTbl 0 [1]: FFF02000, CID: B105E00D, PID: 003BB002 DWT -- CPU_ReadMem(16 bytes @ 0xE0002FF0) -- CPU_ReadMem(16 bytes @ 0xE0002FE0)ROMTbl 0 [2]: FFF03000, CID: B105E00D, PID: 002BB003 FPB -- CPU_ReadMem(16 bytes @ 0xE0000FF0) -- CPU_ReadMem(16 bytes @ 0xE0000FE0)ROMTbl 0 [3]: FFF01000, CID: B105E00D, PID: 003BB001 ITM -- CPU_ReadMem(16 bytes @ 0xE00FF010) -- CPU_ReadMem(16 bytes @ 0xE0040FF0) -- CPU_ReadMem(16 bytes @ 0xE0040FE0)
ROMTbl 0 [4]: FFF41000, CID: B105900D, PID: 000BB9A1 TPIU
                JLINK_Reset() -- CPU_ReadMem(16 bytes @ 0x20000000) -- CPU_WriteMem(16 bytes @ 0x20000000) -- CPU_ReadMem(4 bytes @ 0xE000EDFC) -- CPU_WriteMem(4 bytes @ 0xE000EDFC) -- CPU_ReadMem(4 bytes @ 0xE0001000) -- CPU_WriteMem(4 bytes @ 0xE0001004) -- CPU_WriteMem(4 bytes @ 0xE000EDFC) -- CPU_WriteMem(16 bytes @ 0x20000000) -- CPU_WriteMem(4 bytes @ 0xE0002000) -- CPU_ReadMem(4 bytes @ 0xE000EDFC) -- CPU_ReadMem(4 bytes @ 0xE0001000) (0040ms, 0040ms total)
                JLINK_Go() -- CPU_ReadMem(4 bytes @ 0xE0001000) -- CPU_WriteMem(4 bytes @ 0xE0001004) (0004ms, 0044ms total)
               (0088ms, 1968ms total)
T06A8 874:269 JLINK_ExecCommand("ProjectFile = T:\12.01661-6\09.00393-2\Entregas\Aula 4\GPIO_REGISTRADORES_LED\jlink.config", ...)  returns 0x00 (0000ms, 1968ms total)
T06A8 874:285 JLINK_ExecCommand("Device = AT91SAM4SD32C", ...)Device "ATSAM4SD32C" selected.  returns 0x00 (0001ms, 1969ms total)
T06A8 874:286 JLINK_TIF_Select(JLINKARM_TIF_JTAG)  returns 0x00 (0000ms, 1969ms total)
T06A8 874:286 JLINK_GetIdData(...) ScanLen=4 NumDevices=1 aId[0]=0x4BA00477 aIrRead[0]=0 aScanLen[0]=0 aScanRead[0]=0 (0001ms, 1970ms total)
T06A8 874:287 JLINK_ConfigJTAG(IRPre = 0, DRPre = 0) (0000ms, 1970ms total)
T06A8 874:287 JLINK_SetSpeed(4000) (0000ms, 1970ms total)
T06A8 874:287 JLINK_ResetPullsRESET(OFF) (0001ms, 1971ms total)
T06A8 874:288 JLINK_Connect() >0x2F8 JTAG>TotalIRLen = 4, IRPrint = 0x01 >0x30 JTAG> >0x210 JTAG> >0x70 JTAG> >0x40 JTAG> >0x40 JTAG> >0x40 JTAG> >0x48 JTAG> >0x78 JTAG> >0x40 JTAG> >0x30 JTAG> >0x40 JTAG> >0x40 JTAG> >0x30 JTAG> >0x40 JTAG> >0x48 JTAG>Found Cortex-M4 r0p1, Little endian. -- CPU_WriteMem(4 bytes @ 0xE0002000) -- CPU_ReadMem(4 bytes @ 0xE000EDF0) -- CPU_ReadMem(4 bytes @ 0xE0002000)FPUnit: 6 code (BP) slots and 2 literal slots -- CPU_ReadMem(4 bytes @ 0xE000EDFC)
 -- CPU_ReadMem(4 bytes @ 0xE0001000) -- CPU_WriteMem(4 bytes @ 0xE0001000) -- CPU_ReadMem(4 bytes @ 0xE000ED88) -- CPU_WriteMem(4 bytes @ 0xE000ED88) -- CPU_ReadMem(4 bytes @ 0xE000ED88) -- CPU_WriteMem(4 bytes @ 0xE000ED88)CoreSight components:ROMTbl 0 @ E00FF000 -- CPU_ReadMem(16 bytes @ 0xE00FF000) -- CPU_ReadMem(16 bytes @ 0xE000EFF0) -- CPU_ReadMem(16 bytes @ 0xE000EFE0)ROMTbl 0 [0]: FFF0F000, CID: B105E00D, PID: 000BB000 SCS -- CPU_ReadMem(16 bytes @ 0xE0001FF0)
 -- CPU_ReadMem(16 bytes @ 0xE0001FE0)ROMTbl 0 [1]: FFF02000, CID: B105E00D, PID: 003BB002 DWT -- CPU_ReadMem(16 bytes @ 0xE0002FF0) -- CPU_ReadMem(16 bytes @ 0xE0002FE0)ROMTbl 0 [2]: FFF03000, CID: B105E00D, PID: 002BB003 FPB -- CPU_ReadMem(16 bytes @ 0xE0000FF0) -- CPU_ReadMem(16 bytes @ 0xE0000FE0)ROMTbl 0 [3]: FFF01000, CID: B105E00D, PID: 003BB001 ITM -- CPU_ReadMem(16 bytes @ 0xE00FF010) -- CPU_ReadMem(16 bytes @ 0xE0040FF0) -- CPU_ReadMem(16 bytes @ 0xE0040FE0)
ROMTbl 0 [4]: FFF41000, CID: B105900D, PID: 000BB9A1 TPIU  returns 0x00 (0031ms, 2002ms total)
T06A8 874:319 JLINK_WriteMem(0xE0001020, 0x0004 Bytes, ...) - Data: 00 00 00 00 -- CPU is running -- CPU_WriteMem(4 bytes @ 0xE0001020)  returns 0x04 (0001ms, 2003ms total)
T06A8 874:320 JLINK_WriteMem(0xE0001024, 0x0004 Bytes, ...) - Data: 00 00 00 00 -- CPU is running -- CPU_WriteMem(4 bytes @ 0xE0001024)  returns 0x04 (0001ms, 2004ms total)
T06A8 874:321 JLINK_WriteMem(0xE0001028, 0x0004 Bytes, ...) - Data: 00 00 00 00 -- CPU is running -- CPU_WriteMem(4 bytes @ 0xE0001028)  returns 0x04 (0001ms, 2005ms total)
T06A8 874:322 JLINK_WriteMem(0xE0001030, 0x0004 Bytes, ...) - Data: 00 00 00 00 -- CPU is running -- CPU_WriteMem(4 bytes @ 0xE0001030)  returns 0x04 (0001ms, 2006ms total)
T06A8 874:323 JLINK_WriteMem(0xE0001034, 0x0004 Bytes, ...) - Data: 00 00 00 00 -- CPU is running -- CPU_WriteMem(4 bytes @ 0xE0001034)  returns 0x04 (0001ms, 2007ms total)
T06A8 874:324 JLINK_WriteMem(0xE0001038, 0x0004 Bytes, ...) - Data: 00 00 00 00 -- CPU is running -- CPU_WriteMem(4 bytes @ 0xE0001038)  returns 0x04 (0000ms, 2007ms total)
T06A8 874:324 JLINK_WriteMem(0xE0001040, 0x0004 Bytes, ...) - Data: 00 00 00 00 -- CPU is running -- CPU_WriteMem(4 bytes @ 0xE0001040)  returns 0x04 (0001ms, 2008ms total)
T06A8 874:326 JLINK_WriteMem(0xE0001044, 0x0004 Bytes, ...) - Data: 00 00 00 00 -- CPU is running -- CPU_WriteMem(4 bytes @ 0xE0001044)  returns 0x04 (0000ms, 2009ms total)
T06A8 874:326 JLINK_WriteMem(0xE0001048, 0x0004 Bytes, ...) - Data: 00 00 00 00 -- CPU is running -- CPU_WriteMem(4 bytes @ 0xE0001048)  returns 0x04 (0001ms, 2010ms total)
T06A8 874:327 JLINK_WriteMem(0xE0001050, 0x0004 Bytes, ...) - Data: 00 00 00 00 -- CPU is running -- CPU_WriteMem(4 bytes @ 0xE0001050)  returns 0x04 (0001ms, 2011ms total)
T06A8 874:328 JLINK_WriteMem(0xE0001054, 0x0004 Bytes, ...) - Data: 00 00 00 00 -- CPU is running -- CPU_WriteMem(4 bytes @ 0xE0001054)  returns 0x04 (0001ms, 2012ms total)
T06A8 874:329 JLINK_WriteMem(0xE0001058, 0x0004 Bytes, ...) - Data: 00 00 00 00 -- CPU is running -- CPU_WriteMem(4 bytes @ 0xE0001058)  returns 0x04 (0001ms, 2013ms total)
T06A8 874:330 JLINK_Halt()  returns 0x00 (0004ms, 2017ms total)
T06A8 874:334 JLINK_WriteMem(0x400E0A04, 0x0004 Bytes, ...) - Data: 0B 01 00 5A -- CPU_WriteMem(4 bytes @ 0x400E0A04)  returns 0x04 (0001ms, 2018ms total)
T06A8 874:335 JLINK_ReadMem (0x400E0A08, 0x0004 Bytes, ...) -- CPU_ReadMem(4 bytes @ 0x400E0A08) - Data: 01 00 00 00  returns 0x00 (0001ms, 2019ms total)
T06A8 874:336 JLINK_WriteMem(0x400E0A04, 0x0004 Bytes, ...) - Data: 0C 02 00 5A -- CPU_WriteMem(4 bytes @ 0x400E0A04)  returns 0x04 (0001ms, 2020ms total)
T06A8 874:337 JLINK_ReadMem (0x400E0A08, 0x0004 Bytes, ...) -- CPU_ReadMem(4 bytes @ 0x400E0A08) - Data: 01 00 00 00  returns 0x00 (0001ms, 2021ms total)
T06A8 874:338 JLINK_Reset() -- CPU_ReadMem(16 bytes @ 0x20000000) -- CPU_WriteMem(16 bytes @ 0x20000000) -- CPU_ReadMem(4 bytes @ 0xE000EDFC) -- CPU_WriteMem(4 bytes @ 0xE000EDFC) -- CPU_ReadMem(4 bytes @ 0xE0001000) -- CPU_WriteMem(4 bytes @ 0xE000EDFC) -- CPU_WriteMem(16 bytes @ 0x20000000) -- CPU_WriteMem(4 bytes @ 0xE0002000) -- CPU_ReadMem(4 bytes @ 0xE000EDFC) -- CPU_ReadMem(4 bytes @ 0xE0001000) (0028ms, 2049ms total)
T06A8 874:368 JLINK_JTAG_GetDeviceID(DeviceIndex = 0)  returns 0x4BA00477 (0000ms, 2049ms total)
T06A8 874:368 JLINK_ReadMemU32(0x400E0740, 0x0001 Items, ...) -- CPU_ReadMem(4 bytes @ 0x400E0740) - Data: E0 0E A7 29  returns 0x01 (0001ms, 2050ms total)
T06A8 874:369 JLINK_ReadMemU32(0x400E0744, 0x0001 Items, ...) -- CPU_ReadMem(4 bytes @ 0x400E0744) - Data: 00 00 00 00  returns 0x01 (0000ms, 2050ms total)
T06A8 874:372 JLINK_BeginDownload(Flags = 0x00) (0000ms, 2051ms total)
T06A8 874:372 JLINK_WriteMem(0x00400000, 0x07AC Bytes, ...) - Data: D0 34 00 20 59 03 40 00 55 03 40 00 55 03 40 00 ...  returns 0x7AC (0001ms, 2052ms total)
T06A8 874:373 JLINK_WriteMem(0x004007AC, 0x0438 Bytes, ...) - Data: BF F3 5F 8F 01 38 FB D1 70 47 00 BF 00 09 3D 00 ...  returns 0x438 (0000ms, 2052ms total)
T1918 874:400 JLINK_IsHalted()  returns TRUE (0000ms, 2052ms total)
T1918 874:400 JLINK_GetMOEs(...) -- CPU_ReadMem(4 bytes @ 0xE000ED30) -- CPU_WriteMem(4 bytes @ 0xE000ED30)  returns 0x01 (0004ms, 2056ms total)
T1918 874:404 JLINK_ReadReg(R15 (PC)) -- -------------------------------------- -- Start of determining dirty areas in flash cache -- End of determining dirty areas -- Start of preparing flash programming -- Calculating RAM usage -- RAM usage = 2884 Bytes -- Preserving registers -- Preparing memory -- Determining CPU clock frequency -- CPU clock frequency: 4251 kHz -- CPU frequency = 4251 kHz -- Preparing target -- Downloading RAMCode -- Using alternate TurboMode RAMCode -- Checking target RAM
 -- Preparing RAMCode -- End of preparing flash programmingCPU is running at low speed (4251 kHz). -- CPU is running at 4251 kHz. -- Start of comparing flash -- Read back was estimated as fastest method -- Comparing range 0x400000 - 0x400BFF (6 Sectors, 3 KB), using multi-block CRC calculation -- CPU is running -- CPU_ReadMem(512 bytes @ 0x00400000) -- CPU is running -- CPU_ReadMem(512 bytes @ 0x00400200) -- CPU is running -- CPU_ReadMem(512 bytes @ 0x00400400) -- CPU is running
 -- CPU_ReadMem(512 bytes @ 0x00400600) -- CPU is running -- CPU_ReadMem(512 bytes @ 0x00400800) -- CPU is running -- CPU_ReadMem(512 bytes @ 0x00400A00) -- CRC does not match for sectors 0-5 -- End of comparing flash -- Start of erasing sectors -- End of erasing sectors -- Start of flash programming -- Programming range 0x00400000 - 0x00400BFF (006 Sectors, 3 KB) -- End of flash programming -- Flash programming performed for 1 range (3072 bytes) -- 0x400000 - 0x400BFF (006 Sectors, 3 KB)
 -- Start of verifying flash -- Checksum calculation was estimated as fastest method -- End of verifying flash -- Start of restoring -- Restore RAMCode -- Restore content of target memory -- Restore target -- Restore memory -- Restore content of registers -- End of restoring -- Total time needed: 0.170s (Prepare: 0.085s, Compare: 0.029s, Erase: 0.000s, Program: 0.046s, Verify: 0.001s, Restore: 0.007s)  returns 0xFFFFFFFE (0177ms, 2233ms total)
T0918 874:744 JLINK_Halt()  returns 0x00 (0000ms, 2233ms total)
T0918 874:744 JLINK_ReadReg(R15 (PC))  returns 0xFFFFFFFE (0000ms, 2233ms total)
T0918 874:744 JLINK_ReadReg(R13 (SP))  returns 0xFFFFFFFC (0000ms, 2233ms total)
T1918 874:781 JLINK_IsHalted()  returns TRUE (0000ms, 2233ms total)
T0918 874:824 JLINK_ReadReg(R0)  returns 0x400E1400 (0001ms, 2234ms total)
T0918 874:825 JLINK_ReadReg(R1)  returns 0x40C00000 (0000ms, 2234ms total)
T0918 874:825 JLINK_ReadReg(R2)  returns 0xA5000005 (0000ms, 2234ms total)
T0918 874:825 JLINK_ReadReg(R3)  returns 0x400E1200 (0000ms, 2234ms total)
T0918 874:825 JLINK_ReadReg(R4)  returns 0x400E1000 (0000ms, 2234ms total)
T0918 874:825 JLINK_ReadReg(R5)  returns 0x20000001 (0000ms, 2234ms total)
T0918 874:825 JLINK_ReadReg(R6)  returns 0x0082CA25 (0000ms, 2234ms total)
T0918 874:825 JLINK_ReadReg(R7)  returns 0x56862090 (0000ms, 2234ms total)
T0918 874:825 JLINK_ReadReg(R8)  returns 0x514E8071 (0000ms, 2234ms total)
T0918 874:825 JLINK_ReadReg(R9)  returns 0xD1100A20 (0000ms, 2234ms total)
T0918 874:825 JLINK_ReadReg(R10)  returns 0xEA82C754 (0000ms, 2234ms total)
T0918 874:825 JLINK_ReadReg(R11)  returns 0xA1878328 (0000ms, 2234ms total)
T0918 874:825 JLINK_ReadReg(R12)  returns 0x6D3E1A78 (0000ms, 2234ms total)
T0918 874:825 JLINK_ReadReg(R13 (SP))  returns 0xFFFFFFFC (0000ms, 2234ms total)
T0918 874:825 JLINK_ReadReg(R14)  returns 0xFFFFFFFF (0000ms, 2234ms total)
T0918 874:825 JLINK_ReadReg(R15 (PC))  returns 0xFFFFFFFE (0000ms, 2234ms total)
T0918 874:825 JLINK_ReadReg(XPSR)  returns 0x01000000 (0000ms, 2234ms total)
T0918 874:825 JLINK_ReadReg(MSP)  returns 0xFFFFFFFC (0000ms, 2234ms total)
T0918 874:825 JLINK_ReadReg(PSP)  returns 0x7050A970 (0000ms, 2234ms total)
T0918 874:825 JLINK_ReadReg(PRIMASK)  returns 0x00000000 (0000ms, 2234ms total)
T0918 874:825 JLINK_ReadReg(BASEPRI)  returns 0x00000000 (0000ms, 2234ms total)
T0918 874:825 JLINK_ReadReg(FAULTMASK)  returns 0x00000000 (0001ms, 2235ms total)
T0918 874:826 JLINK_ReadReg(CONTROL)  returns 0x00000000 (0000ms, 2235ms total)
T0918 874:857 JLINK_EndDownload()  returns 0x00 (0000ms, 2235ms total)
T0918 874:857 JLINK_Reset() -- CPU_ReadMem(16 bytes @ 0x20000000) -- CPU_WriteMem(16 bytes @ 0x20000000) -- CPU_ReadMem(4 bytes @ 0xE000EDFC) -- CPU_WriteMem(4 bytes @ 0xE000EDFC) -- CPU_ReadMem(4 bytes @ 0xE0001000) -- CPU_WriteMem(4 bytes @ 0xE000EDFC) -- CPU_WriteMem(16 bytes @ 0x20000000) -- CPU_WriteMem(4 bytes @ 0xE0002000) -- CPU_ReadMem(4 bytes @ 0xE000EDFC) -- CPU_ReadMem(4 bytes @ 0xE0001000) (0028ms, 2263ms total)
T1918 874:885 JLINK_IsHalted()  returns TRUE (0000ms, 2263ms total)
T1918 874:885 JLINK_GetMOEs(...) -- CPU_ReadMem(4 bytes @ 0xE000ED30) -- CPU_WriteMem(4 bytes @ 0xE000ED30)  returns 0x01 (0002ms, 2265ms total)
T1918 874:887 JLINK_ReadReg(R15 (PC))  returns 0x00400358 (0000ms, 2265ms total)
T0918 874:895 JLINK_ReadReg(R15 (PC))  returns 0x00400358 (0000ms, 2265ms total)
T0918 874:895 JLINK_ReadReg(R13 (SP))  returns 0x200034D0 (0000ms, 2265ms total)
T0918 874:904 JLINK_ReadMemHW(0x00400358, 0x0004 Bytes, ...) -- CPU_ReadMem(4 bytes @ 0x00400358) - Data: 08 B5 20 4B  returns 0x00 (0001ms, 2266ms total)
T0918 874:936 JLINK_ReadMemHW(0x004005B0, 0x0001 Bytes, ...) -- CPU_ReadMem(1 bytes @ 0x004005B0) - Data: 08  returns 0x00 (0001ms, 2267ms total)
T0918 874:998 JLINK_ReadReg(R15 (PC))  returns 0x00400358 (0000ms, 2267ms total)
T0918 874:998 JLINK_GetNumBPUnits(Type = 0xFFFFFF02)  returns 0x06 (0000ms, 2267ms total)
T0918 874:998 JLINK_SetBPEx(Addr = 0x004005B0, Type = 0xFFFFFF02)  returns 0x00000001 (0000ms, 2267ms total)
T0918 874:998 JLINK_GetBPInfo(BPHandle = 1)  returns 0x00 (0001ms, 2268ms total)
T0918 874:999 JLINK_Go() -- CPU_ReadMem(4 bytes @ 0xE0001000) -- CPU_WriteMem(4 bytes @ 0xE0002008) -- CPU_WriteMem(4 bytes @ 0xE000200C) -- CPU_WriteMem(4 bytes @ 0xE0002010) -- CPU_WriteMem(4 bytes @ 0xE0002014) -- CPU_WriteMem(4 bytes @ 0xE0002018) -- CPU_WriteMem(4 bytes @ 0xE000201C) -- CPU_WriteMem(4 bytes @ 0xE0001004) (0005ms, 2273ms total)
T1918 875:004 JLINK_IsHalted()  returns TRUE (0004ms, 2277ms total)
T1918 875:008 JLINK_GetMOEs(...) -- CPU_ReadMem(4 bytes @ 0xE000ED30) -- CPU_WriteMem(4 bytes @ 0xE000ED30)  returns 0x01 (0002ms, 2275ms total)
T1918 875:010 JLINK_ReadReg(R15 (PC))  returns 0x004005B0 (0000ms, 2275ms total)
T1918 875:010 JLINK_GetBPInfo(BPHandle = 1)  returns 0x00 (0000ms, 2275ms total)
T1918 875:010 JLINK_ClrBPEx(BPHandle = 0x00000001)  returns 0x00 (0000ms, 2275ms total)
T0918 875:014 JLINK_ReadReg(R15 (PC))  returns 0x004005B0 (0000ms, 2275ms total)
T0918 875:014 JLINK_ReadReg(R13 (SP))  returns 0x200034C8 (0000ms, 2275ms total)
T0918 875:014 JLINK_ReadMemHW(0x004005B0, 0x0004 Bytes, ...) -- CPU_ReadMem(4 bytes @ 0x004005B0) - Data: 08 B5 1C 4B  returns 0x00 (0002ms, 2277ms total)
T0918 875:027 JLINK_ReadReg(R15 (PC))  returns 0x004005B0 (0000ms, 2277ms total)
T0918 875:027 JLINK_Go() -- CPU_ReadMem(4 bytes @ 0xE0001000) -- CPU_WriteMem(4 bytes @ 0xE0002008) (0003ms, 2280ms total)
T1918 875:030 JLINK_IsHalted()  returns FALSE (0001ms, 2281ms total)
T1918 875:071 JLINK_IsHalted()  returns FALSE (0001ms, 2281ms total)
T1918 875:232 JLINK_IsHalted()  returns FALSE (0001ms, 2281ms total)
T1918 875:873 JLINK_IsHalted()  returns FALSE (0001ms, 2281ms total)
T1918 876:514 JLINK_IsHalted()  returns FALSE (0001ms, 2281ms total)
T1918 877:155 JLINK_IsHalted()  returns FALSE (0001ms, 2281ms total)
T1918 877:796 JLINK_IsHalted()  returns FALSE (0001ms, 2281ms total)
T1918 878:438 JLINK_IsHalted()  returns FALSE (0001ms, 2281ms total)
T1918 879:079 JLINK_IsHalted()  returns FALSE (0001ms, 2281ms total)
T1918 879:720 JLINK_IsHalted()  returns FALSE (0001ms, 2281ms total)
T1918 880:361 JLINK_IsHalted()  returns FALSE (0001ms, 2281ms total)
T1918 881:002 JLINK_IsHalted()  returns FALSE (0001ms, 2281ms total)
T1918 881:643 JLINK_IsHalted()  returns FALSE (0001ms, 2281ms total)
T1918 882:284 JLINK_IsHalted()  returns FALSE (0001ms, 2281ms total)
T1918 882:925 JLINK_IsHalted()  returns FALSE (0001ms, 2281ms total)
T1918 883:566 JLINK_IsHalted()  returns FALSE (0001ms, 2281ms total)
T1918 884:207 JLINK_IsHalted()  returns FALSE (0001ms, 2281ms total)
T1918 884:848 JLINK_IsHalted()  returns FALSE (0001ms, 2281ms total)
T1918 885:489 JLINK_IsHalted()  returns FALSE (0001ms, 2281ms total)
T1918 886:130 JLINK_IsHalted()  returns FALSE (0001ms, 2281ms total)
T1918 886:771 JLINK_IsHalted()  returns FALSE (0000ms, 2280ms total)
T1918 887:411 JLINK_IsHalted()  returns FALSE (0001ms, 2281ms total)
T1918 888:052 JLINK_IsHalted()  returns FALSE (0001ms, 2281ms total)
T1918 888:693 JLINK_IsHalted()  returns FALSE (0001ms, 2281ms total)
T1918 889:334 JLINK_IsHalted()  returns FALSE (0001ms, 2281ms total)
T1918 889:975 JLINK_IsHalted()  returns FALSE (0001ms, 2281ms total)
T1918 890:616 JLINK_IsHalted()  returns FALSE (0001ms, 2281ms total)
T1918 891:257 JLINK_IsHalted()  returns FALSE (0001ms, 2281ms total)
T1918 891:898 JLINK_IsHalted()  returns FALSE (0001ms, 2281ms total)
T1918 892:539 JLINK_IsHalted()  returns FALSE (0001ms, 2281ms total)
T1918 893:180 JLINK_IsHalted()  returns FALSE (0001ms, 2281ms total)
T1918 893:821 JLINK_IsHalted()  returns FALSE (0001ms, 2281ms total)
T1918 894:462 JLINK_IsHalted()  returns FALSE (0001ms, 2281ms total)
T1918 895:103 JLINK_IsHalted()  returns FALSE (0001ms, 2281ms total)
T1918 895:745 JLINK_IsHalted()  returns FALSE (0001ms, 2281ms total)
T1918 896:386 JLINK_IsHalted()  returns FALSE (0001ms, 2281ms total)
T1918 897:027 JLINK_IsHalted()  returns FALSE (0001ms, 2281ms total)
T1918 897:668 JLINK_IsHalted()  returns FALSE (0001ms, 2281ms total)
T1918 898:309 JLINK_IsHalted()  returns FALSE (0001ms, 2281ms total)
T1918 898:950 JLINK_IsHalted()  returns FALSE (0001ms, 2281ms total)
T1918 899:591 JLINK_IsHalted()  returns FALSE (0001ms, 2281ms total)
T1918 900:232 JLINK_IsHalted()  returns FALSE (0001ms, 2281ms total)
T1918 900:873 JLINK_IsHalted()  returns FALSE (0001ms, 2281ms total)
T1918 901:514 JLINK_IsHalted()  returns FALSE (0001ms, 2281ms total)
T1918 902:155 JLINK_IsHalted()  returns FALSE (0001ms, 2281ms total)
T1918 902:796 JLINK_IsHalted()  returns FALSE (0001ms, 2281ms total)
T1918 903:437 JLINK_IsHalted()  returns FALSE (0000ms, 2280ms total)
T1918 904:077 JLINK_IsHalted()  returns FALSE (0001ms, 2281ms total)
T1918 904:718 JLINK_IsHalted()  returns FALSE (0000ms, 2280ms total)
T1918 905:358 JLINK_IsHalted()  returns FALSE (0001ms, 2281ms total)
T1918 905:999 JLINK_IsHalted()  returns FALSE (0000ms, 2280ms total)
T1918 906:639 JLINK_IsHalted()  returns FALSE (0001ms, 2281ms total)
T1918 907:280 JLINK_IsHalted()  returns FALSE (0000ms, 2280ms total)
T1918 907:920 JLINK_IsHalted()  returns FALSE (0001ms, 2281ms total)
T1918 908:561 JLINK_IsHalted()  returns FALSE (0000ms, 2280ms total)
T1918 909:201 JLINK_IsHalted()  returns FALSE (0001ms, 2281ms total)
T1918 909:842 JLINK_IsHalted()  returns FALSE (0001ms, 2281ms total)
T1918 910:483 JLINK_IsHalted()  returns FALSE (0001ms, 2281ms total)
T1918 911:124 JLINK_IsHalted()  returns FALSE (0000ms, 2280ms total)
T1918 911:764 JLINK_IsHalted()  returns FALSE (0001ms, 2281ms total)
T1918 912:405 JLINK_IsHalted()  returns FALSE (0001ms, 2281ms total)
T1918 913:046 JLINK_IsHalted()  returns FALSE (0001ms, 2281ms total)
T1918 913:688 JLINK_IsHalted()  returns FALSE (0001ms, 2281ms total)
T1918 914:329 JLINK_IsHalted()  returns FALSE (0001ms, 2281ms total)
T1918 914:970 JLINK_IsHalted()  returns FALSE (0001ms, 2281ms total)
T1918 915:611 JLINK_IsHalted()  returns FALSE (0001ms, 2281ms total)
T1918 916:252 JLINK_IsHalted()  returns FALSE (0001ms, 2281ms total)
T1918 916:893 JLINK_IsHalted()  returns FALSE (0001ms, 2281ms total)
T1918 917:535 JLINK_IsHalted()  returns FALSE (0000ms, 2280ms total)
T1918 918:175 JLINK_IsHalted()  returns FALSE (0001ms, 2281ms total)
T1918 918:830 JLINK_IsHalted()  returns FALSE (0001ms, 2281ms total)
T1918 919:471 JLINK_IsHalted()  returns FALSE (0001ms, 2281ms total)
T1918 920:112 JLINK_IsHalted()  returns FALSE (0001ms, 2281ms total)
T1918 920:753 JLINK_IsHalted()  returns FALSE (0001ms, 2281ms total)
T1918 921:394 JLINK_IsHalted()  returns FALSE (0000ms, 2280ms total)
T1918 922:035 JLINK_IsHalted()  returns FALSE (0001ms, 2281ms total)
T1918 922:676 JLINK_IsHalted()  returns FALSE (0001ms, 2281ms total)
T1918 923:317 JLINK_IsHalted()  returns FALSE (0001ms, 2281ms total)
T1918 923:958 JLINK_IsHalted()  returns FALSE (0000ms, 2280ms total)
T1918 924:617 JLINK_IsHalted()  returns FALSE (0005ms, 2285ms total)
T1918 925:266 JLINK_IsHalted()  returns FALSE (0001ms, 2281ms total)
T1918 925:907 JLINK_IsHalted()  returns FALSE (0001ms, 2281ms total)
T1918 926:548 JLINK_IsHalted()  returns FALSE (0001ms, 2281ms total)
T1918 927:189 JLINK_IsHalted()  returns FALSE (0001ms, 2281ms total)
T1918 927:830 JLINK_IsHalted()  returns FALSE (0001ms, 2281ms total)
T1918 928:471 JLINK_IsHalted()  returns FALSE (0001ms, 2281ms total)
T1918 929:112 JLINK_IsHalted()  returns FALSE (0001ms, 2281ms total)
T1918 929:753 JLINK_IsHalted()  returns FALSE (0001ms, 2281ms total)
T1918 930:394 JLINK_IsHalted()  returns FALSE (0000ms, 2280ms total)
T1918 931:035 JLINK_IsHalted()  returns FALSE (0001ms, 2281ms total)
T1918 931:676 JLINK_IsHalted()  returns FALSE (0001ms, 2281ms total)
T1918 932:317 JLINK_IsHalted()  returns FALSE (0001ms, 2281ms total)
T1918 932:958 JLINK_IsHalted()  returns FALSE (0000ms, 2280ms total)
T1918 933:598 JLINK_IsHalted()  returns FALSE (0001ms, 2281ms total)
T1918 934:248 JLINK_IsHalted()  returns FALSE (0002ms, 2282ms total)
T1918 934:890 JLINK_IsHalted()  returns FALSE (0002ms, 2282ms total)
T1918 935:532 JLINK_IsHalted()  returns FALSE (0001ms, 2281ms total)
T1918 936:173 JLINK_IsHalted()  returns FALSE (0001ms, 2281ms total)
T1918 936:814 JLINK_IsHalted()  returns FALSE (0001ms, 2281ms total)
T1918 937:455 JLINK_IsHalted()  returns FALSE (0001ms, 2281ms total)
T1918 938:096 JLINK_IsHalted()  returns FALSE (0001ms, 2281ms total)
T1918 938:737 JLINK_IsHalted()  returns FALSE (0001ms, 2281ms total)
T1918 939:378 JLINK_IsHalted()  returns FALSE (0002ms, 2282ms total)
T1918 940:020 JLINK_IsHalted()  returns FALSE (0001ms, 2281ms total)
T1918 940:661 JLINK_IsHalted()  returns FALSE (0001ms, 2281ms total)
T1918 941:302 JLINK_IsHalted()  returns FALSE (0001ms, 2281ms total)
T1918 941:943 JLINK_IsHalted()  returns FALSE (0000ms, 2280ms total)
T1918 942:584 JLINK_IsHalted()  returns FALSE (0001ms, 2281ms total)
T1918 943:225 JLINK_IsHalted()  returns FALSE (0001ms, 2281ms total)
T1918 943:866 JLINK_IsHalted()  returns FALSE (0001ms, 2281ms total)
T1918 944:507 JLINK_IsHalted()  returns FALSE (0001ms, 2281ms total)
T1918 945:148 JLINK_IsHalted()  returns ERROR (0003ms, 2283ms total)
T1918 945:151 JLINK_ExecCommand("ProjectFile = T:\12.01661-6\09.00393-2\Entregas\Aula 4\GPIO_REGISTRADORES_LED\jlink.config", ...)  returns 0x00 (0001ms, 2281ms total)
T1918 945:176 JLINK_ExecCommand("Device = AT91SAM4SD32C", ...)Device "ATSAM4SD32C" selected.  returns 0x00 (0002ms, 2283ms total)
T1918 945:178 JLINK_TIF_Select(JLINKARM_TIF_JTAG)  returns 0x00 (0000ms, 2283ms total)
T1918 945:178 JLINK_GetIdData(...) ScanLen=4 NumDevices=1 aId[0]=0x4BA00477 aIrRead[0]=0 aScanLen[0]=0 aScanRead[0]=0 (0000ms, 2283ms total)
T1918 945:178 JLINK_ConfigJTAG(IRPre = 0, DRPre = 0) (0000ms, 2283ms total)
T1918 945:178 JLINK_SetSpeed(4000) (0001ms, 2284ms total)
T1918 945:179 JLINK_ResetPullsRESET(OFF) (0000ms, 2284ms total)
T1918 945:179 JLINK_Connect() >0x2F8 JTAG>Could not measure total IR len. TDO is constant high. >0x30 JTAG>  returns 0x01 (0003ms, 2287ms total)
T1918 946:483 JLINK_ExecCommand("ProjectFile = T:\12.01661-6\09.00393-2\Entregas\Aula 4\GPIO_REGISTRADORES_LED\jlink.config", ...)  returns 0x00 (0001ms, 2288ms total)
T1918 946:506 JLINK_ExecCommand("Device = AT91SAM4SD32C", ...)Device "ATSAM4SD32C" selected.  returns 0x00 (0002ms, 2290ms total)
T1918 946:508 JLINK_TIF_Select(JLINKARM_TIF_JTAG)  returns 0x00 (0000ms, 2290ms total)
T1918 946:508 JLINK_GetIdData(...) (0001ms, 2291ms total)
T1918 946:509 JLINK_ConfigJTAG(IRPre = 0, DRPre = 0) (0000ms, 2291ms total)
T1918 946:509 JLINK_SetSpeed(4000) (0001ms, 2292ms total)
T1918 946:510 JLINK_ResetPullsRESET(OFF) (0000ms, 2292ms total)
T1918 946:510 JLINK_Connect()  returns 0xFFFFFEFD (0001ms, 2293ms total)
T1754 946:510 
  ***** Error: Connection to emulator lost! (1540ms, 3833ms total)
T1AC8 948:393 JLINK_EMU_GetList(InterfaceMask = 0x00000001, MaxInfos = 0x00000032)   returns 0x00 (0001ms, 2294ms total)
T1918 949:072 JLINK_ExecCommand("ProjectFile = T:\12.01661-6\09.00393-2\Entregas\Aula 4\GPIO_REGISTRADORES_LED\jlink.config", ...)  returns 0x00 (0000ms, 2294ms total)
T1918 949:105 JLINK_ExecCommand("Device = AT91SAM4SD32C", ...)Device "ATSAM4SD32C" selected.  returns 0x00 (0001ms, 2295ms total)
T1918 949:106 JLINK_TIF_Select(JLINKARM_TIF_JTAG)  returns 0x00 (0000ms, 2295ms total)
T1918 949:106 JLINK_GetIdData(...) (0000ms, 2295ms total)
T1918 949:106 JLINK_ConfigJTAG(IRPre = 0, DRPre = 0) (0000ms, 2295ms total)
T1918 949:106 JLINK_SetSpeed(4000) (0000ms, 2295ms total)
T1918 949:106 JLINK_ResetPullsRESET(OFF) (0000ms, 2295ms total)
T1918 949:106 JLINK_Connect()  returns 0xFFFFFEFD (0000ms, 2295ms total)
T1AC8 949:705 JLINK_EMU_GetList(InterfaceMask = 0x00000001, MaxInfos = 0x00000032)   returns 0x00 (0001ms, 2296ms total)
T1AC8 951:018 JLINK_EMU_GetList(InterfaceMask = 0x00000001, MaxInfos = 0x00000032)   returns 0x00 (0001ms, 2297ms total)
T1AC8 952:332 JLINK_EMU_GetList(InterfaceMask = 0x00000001, MaxInfos = 0x00000032)   returns 0x00 (0001ms, 2298ms total)
T1AC8 953:646 JLINK_EMU_GetList(InterfaceMask = 0x00000001, MaxInfos = 0x00000032)   returns 0x00 (0001ms, 2299ms total)
T1918 954:226 JLINK_ExecCommand("ProjectFile = T:\12.01661-6\09.00393-2\Entregas\Aula 4\GPIO_REGISTRADORES_LED\jlink.config", ...)  returns 0x00 (0001ms, 2300ms total)
T1918 954:261 JLINK_ExecCommand("Device = AT91SAM4SD32C", ...)Device "ATSAM4SD32C" selected.  returns 0x00 (0001ms, 2301ms total)
T1918 954:262 JLINK_TIF_Select(JLINKARM_TIF_JTAG)  returns 0x00 (0000ms, 2301ms total)
T1918 954:262 JLINK_GetIdData(...) (0000ms, 2301ms total)
T1918 954:262 JLINK_ConfigJTAG(IRPre = 0, DRPre = 0) (0000ms, 2301ms total)
T1918 954:262 JLINK_SetSpeed(4000) (0000ms, 2301ms total)
T1918 954:262 JLINK_ResetPullsRESET(OFF) (0000ms, 2301ms total)
T1918 954:262 JLINK_Connect()  returns 0xFFFFFEFD (0000ms, 2301ms total)
T1AC8 954:959 JLINK_EMU_GetList(InterfaceMask = 0x00000001, MaxInfos = 0x00000032)   returns 0x00 (0000ms, 2301ms total)
T1AC8 956:272 JLINK_EMU_GetList(InterfaceMask = 0x00000001, MaxInfos = 0x00000032)   returns 0x00 (0001ms, 2303ms total)
T1AC8 957:585 JLINK_EMU_GetList(InterfaceMask = 0x00000001, MaxInfos = 0x00000032)   returns 0x00 (0001ms, 2304ms total)
T1AC8 958:899 JLINK_EMU_GetList(InterfaceMask = 0x00000001, MaxInfos = 0x00000032)   returns 0x00 (0000ms, 2304ms total)
T1AC8 960:213 JLINK_EMU_GetList(InterfaceMask = 0x00000001, MaxInfos = 0x00000032)   returns 0x00 (0001ms, 2305ms total)
T1AC8 961:526 JLINK_EMU_GetList(InterfaceMask = 0x00000001, MaxInfos = 0x00000032)   returns 0x00 (0001ms, 2306ms total)
T1AC8 962:839 JLINK_EMU_GetList(InterfaceMask = 0x00000001, MaxInfos = 0x00000032)   returns 0x00 (0000ms, 2306ms total)
T1AC8 964:151 JLINK_EMU_GetList(InterfaceMask = 0x00000001, MaxInfos = 0x00000032)   returns 0x00 (0000ms, 2306ms total)
T1918 964:502 JLINK_ExecCommand("ProjectFile = T:\12.01661-6\09.00393-2\Entregas\Aula 4\GPIO_REGISTRADORES_LED\jlink.config", ...)  returns 0x00 (0000ms, 2306ms total)
T1918 964:551 JLINK_ExecCommand("Device = AT91SAM4SD32C", ...)Device "ATSAM4SD32C" selected.  returns 0x00 (0001ms, 2307ms total)
T1918 964:552 JLINK_TIF_Select(JLINKARM_TIF_JTAG)  returns 0x00 (0000ms, 2307ms total)
T1918 964:552 JLINK_GetIdData(...) (0000ms, 2307ms total)
T1918 964:552 JLINK_ConfigJTAG(IRPre = 0, DRPre = 0) (0000ms, 2307ms total)
T1918 964:552 JLINK_SetSpeed(4000) (0000ms, 2307ms total)
T1918 964:552 JLINK_ResetPullsRESET(OFF) (0000ms, 2307ms total)
T1918 964:552 JLINK_Connect()  returns 0xFFFFFEFD (0000ms, 2307ms total)
T1AC8 965:464 JLINK_EMU_GetList(InterfaceMask = 0x00000001, MaxInfos = 0x00000032)   returns 0x00 (0001ms, 2308ms total)
T1AC8 966:778 JLINK_EMU_GetList(InterfaceMask = 0x00000001, MaxInfos = 0x00000032)   returns 0x00 (0001ms, 2309ms total)
T1AC8 968:092 JLINK_EMU_GetList(InterfaceMask = 0x00000001, MaxInfos = 0x00000032)   returns 0x00 (0000ms, 2309ms total)
T1AC8 969:405 JLINK_EMU_GetList(InterfaceMask = 0x00000001, MaxInfos = 0x00000032)   returns 0x00 (0001ms, 2310ms total)
T1AC8 970:719 JLINK_EMU_GetList(InterfaceMask = 0x00000001, MaxInfos = 0x00000032)   returns 0x00 (0001ms, 2311ms total)
T1AC8 972:028 JLINK_EMU_GetList(InterfaceMask = 0x00000001, MaxInfos = 0x00000032)   returns 0x00 (0001ms, 2312ms total)
T1AC8 973:341 JLINK_EMU_GetList(InterfaceMask = 0x00000001, MaxInfos = 0x00000032)   returns 0x00 (0001ms, 2313ms total)
T1AC8 974:654 JLINK_EMU_GetList(InterfaceMask = 0x00000001, MaxInfos = 0x00000032)   returns 0x00 (0001ms, 2314ms total)
T1AC8 975:968 JLINK_EMU_GetList(InterfaceMask = 0x00000001, MaxInfos = 0x00000032)   returns 0x00 (0001ms, 2315ms total)
T1AC8 977:282 JLINK_EMU_GetList(InterfaceMask = 0x00000001, MaxInfos = 0x00000032)   returns 0x00 (0001ms, 2316ms total)
T1AC8 978:595 JLINK_EMU_GetList(InterfaceMask = 0x00000001, MaxInfos = 0x00000032)   returns 0x00 (0001ms, 2317ms total)
T1AC8 979:909 JLINK_EMU_GetList(InterfaceMask = 0x00000001, MaxInfos = 0x00000032)   returns 0x00 (0001ms, 2318ms total)
T1918 985:033 JLINK_ExecCommand("ProjectFile = T:\12.01661-6\09.00393-2\Entregas\Aula 4\GPIO_REGISTRADORES_LED\jlink.config", ...)  returns 0x00 (0000ms, 2318ms total)
T1918 985:057 JLINK_ExecCommand("Device = AT91SAM4SD32C", ...)Device "ATSAM4SD32C" selected.  returns 0x00 (0002ms, 2320ms total)
T1918 985:059 JLINK_TIF_Select(JLINKARM_TIF_JTAG)  returns 0x00 (0000ms, 2320ms total)
T1918 985:059 JLINK_GetIdData(...) (0000ms, 2320ms total)
T1918 985:059 JLINK_ConfigJTAG(IRPre = 0, DRPre = 0) (0000ms, 2320ms total)
T1918 985:059 JLINK_SetSpeed(4000) (0000ms, 2320ms total)
T1918 985:059 JLINK_ResetPullsRESET(OFF) (0000ms, 2320ms total)
T1918 985:059 JLINK_Connect()  returns 0xFFFFFEFD (0000ms, 2320ms total)
T1918 1026:019 JLINK_ExecCommand("ProjectFile = T:\12.01661-6\09.00393-2\Entregas\Aula 4\GPIO_REGISTRADORES_LED\jlink.config", ...)  returns 0x00 (0000ms, 2320ms total)
T1918 1026:055 JLINK_ExecCommand("Device = AT91SAM4SD32C", ...)Device "ATSAM4SD32C" selected.  returns 0x00 (0001ms, 2321ms total)
T1918 1026:056 JLINK_TIF_Select(JLINKARM_TIF_JTAG)  returns 0x00 (0000ms, 2321ms total)
T1918 1026:056 JLINK_GetIdData(...) (0000ms, 2321ms total)
T1918 1026:056 JLINK_ConfigJTAG(IRPre = 0, DRPre = 0) (0000ms, 2321ms total)
T1918 1026:056 JLINK_SetSpeed(4000) (0001ms, 2322ms total)
T1918 1026:057 JLINK_ResetPullsRESET(OFF) (0000ms, 2322ms total)
T1918 1026:057 JLINK_Connect()  returns 0xFFFFFEFD (0000ms, 2322ms total)
